c:\users\administrator\desktop\projectv1\sin.fortnite\sin.fortnite\x64\release\intermediate\vc143.pdb
c:\users\7c6f1e10d2197f6\desktop\sin.fortnite\sin.fortnite\sin.fortnite\x64\release\intermediate\vc143.pdb
c:\users\7c6f1e10d2197f6\desktop\sin.fortnite\sin.fortnite\sin.fortnite\x64\release\intermediate\swind2.obj
c:\users\7c6f1e10d2197f6\desktop\sin.fortnite\sin.fortnite\sin.fortnite\x64\release\intermediate\pe.obj
c:\users\7c6f1e10d2197f6\desktop\sin.fortnite\sin.fortnite\sin.fortnite\x64\release\intermediate\driver.obj
c:\users\7c6f1e10d2197f6\desktop\sin.fortnite\sin.fortnite\sin.fortnite\x64\release\intermediate\sdk.obj
c:\users\7c6f1e10d2197f6\desktop\sin.fortnite\sin.fortnite\sin.fortnite\x64\release\intermediate\overlay.obj
c:\users\7c6f1e10d2197f6\desktop\sin.fortnite\sin.fortnite\sin.fortnite\x64\release\intermediate\menu.obj
c:\users\7c6f1e10d2197f6\desktop\sin.fortnite\sin.fortnite\sin.fortnite\x64\release\intermediate\thread.obj
c:\users\7c6f1e10d2197f6\desktop\sin.fortnite\sin.fortnite\sin.fortnite\x64\release\intermediate\loop.obj
c:\users\7c6f1e10d2197f6\desktop\sin.fortnite\sin.fortnite\sin.fortnite\x64\release\intermediate\main.obj
c:\users\7c6f1e10d2197f6\desktop\sin.fortnite\sin.fortnite\sin.fortnite\x64\release\intermediate\imgui_widgets.obj
c:\users\7c6f1e10d2197f6\desktop\sin.fortnite\sin.fortnite\sin.fortnite\x64\release\intermediate\imgui_tables.obj
c:\users\7c6f1e10d2197f6\desktop\sin.fortnite\sin.fortnite\sin.fortnite\x64\release\intermediate\imgui_impl_win32.obj
c:\users\7c6f1e10d2197f6\desktop\sin.fortnite\sin.fortnite\sin.fortnite\x64\release\intermediate\imgui_impl_dx11.obj
c:\users\7c6f1e10d2197f6\desktop\sin.fortnite\sin.fortnite\sin.fortnite\x64\release\intermediate\imgui_draw.obj
c:\users\7c6f1e10d2197f6\desktop\sin.fortnite\sin.fortnite\sin.fortnite\x64\release\intermediate\imgui_demo.obj
c:\users\7c6f1e10d2197f6\desktop\sin.fortnite\sin.fortnite\sin.fortnite\x64\release\intermediate\imgui.obj
c:\users\7c6f1e10d2197f6\desktop\sin.fortnite\sin.fortnite\sin.fortnite\x64\release\intermediate\hde64.obj
c:\users\7c6f1e10d2197f6\desktop\sin.fortnite\sin.fortnite\sin.fortnite\x64\release\intermediate\sin.fortnite.ipdb
c:\users\7c6f1e10d2197f6\desktop\sin.fortnite\sin.fortnite\sin.fortnite\x64\release\intermediate\sin.fortnite.iobj
c:\users\7c6f1e10d2197f6\desktop\sin.fortnite\sin.fortnite\sin.fortnite\x64\release\intermediate\comm.obj
c:\users\7c6f1e10d2197f6\desktop\sin.fortnite\sin.fortnite\sin.fortnite\x64\release\sin.fortnite.pdb
c:\users\7c6f1e10d2197f6\desktop\sin.fortnite\sin.fortnite\sin.fortnite\x64\release\sin.fortnite.exe
c:\users\7c6f1e10d2197f6\desktop\sin.fortnite\sin.fortnite\sin.fortnite\x64\release\intermediate\sin.fortnite.vcxproj.filelistabsolute.txt
c:\users\7c6f1e10d2197f6\desktop\sin.fortnite\sin.fortnite\sin.fortnite\x64\release\intermediate\sin.fortnite.tlog\cl.command.1.tlog
c:\users\7c6f1e10d2197f6\desktop\sin.fortnite\sin.fortnite\sin.fortnite\x64\release\intermediate\sin.fortnite.tlog\cl.items.tlog
c:\users\7c6f1e10d2197f6\desktop\sin.fortnite\sin.fortnite\sin.fortnite\x64\release\intermediate\sin.fortnite.tlog\cl.read.1.tlog
c:\users\7c6f1e10d2197f6\desktop\sin.fortnite\sin.fortnite\sin.fortnite\x64\release\intermediate\sin.fortnite.tlog\cl.write.1.tlog
c:\users\7c6f1e10d2197f6\desktop\sin.fortnite\sin.fortnite\sin.fortnite\x64\release\intermediate\sin.fortnite.tlog\link.command.1.tlog
c:\users\7c6f1e10d2197f6\desktop\sin.fortnite\sin.fortnite\sin.fortnite\x64\release\intermediate\sin.fortnite.tlog\link.read.1.tlog
c:\users\7c6f1e10d2197f6\desktop\sin.fortnite\sin.fortnite\sin.fortnite\x64\release\intermediate\sin.fortnite.tlog\link.secondary.1.tlog
c:\users\7c6f1e10d2197f6\desktop\sin.fortnite\sin.fortnite\sin.fortnite\x64\release\intermediate\sin.fortnite.tlog\link.write.1.tlog
